[0.017s] Invoking command in '/ros2_ws/src/moveit_servo_kinova/build/moveit_servo_kinova': CMAKE_PREFIX_PATH=${CMAKE_PREFIX_PATH}:/ros2_ws/install/moveit_configs_utils:/ros2_ws/install/rqt_joint_trajectory_controller:/ros2_ws/install/rqt_controller_manager:/ros2_ws/install/ros2controlcli:/ros2_ws/install/ros2_controllers_test_nodes:/ros2_ws/install/launch_param_builder:/ros2_ws/install/kinova_project:/opt/ros/humble /usr/bin/cmake --build /ros2_ws/src/moveit_servo_kinova/build/moveit_servo_kinova -- -j16 -l16
[0.093s] [35m[1mConsolidate compiler generated dependencies of target moveit_servo_lib_parameters[0m
[0.098s] [  6%] Built target gtest
[0.098s] [ 12%] Built target gtest_main
[0.105s] [ 18%] Built target fake_command_publisher
[0.106s] [ 24%] Built target servo_controller_input
[0.130s] [ 27%] [32mBuilding CXX object CMakeFiles/moveit_servo_lib_parameters.dir/src/servo_parameters.cpp.o[0m
[6.802s] [ 30%] [32m[1mLinking CXX shared library libmoveit_servo_lib_parameters.so[0m
[6.989s] [ 33%] Built target moveit_servo_lib_parameters
[7.020s] [35m[1mConsolidate compiler generated dependencies of target test_servo_integration[0m
[7.021s] [35m[1mConsolidate compiler generated dependencies of target test_servo_collision[0m
[7.030s] [35m[1mConsolidate compiler generated dependencies of target moveit_servo_lib[0m
[7.074s] [ 39%] [32mBuilding CXX object CMakeFiles/test_servo_collision.dir/test/test_servo_collision.cpp.o[0m
[7.074s] [ 39%] [32mBuilding CXX object CMakeFiles/test_servo_integration.dir/test/test_servo_interface.cpp.o[0m
[7.085s] [ 45%] [32mBuilding CXX object CMakeFiles/moveit_servo_lib.dir/src/servo.cpp.o[0m
[7.085s] [ 45%] [32mBuilding CXX object CMakeFiles/moveit_servo_lib.dir/src/collision_check.cpp.o[0m
[7.092s] [ 48%] [32mBuilding CXX object CMakeFiles/moveit_servo_lib.dir/src/servo_calcs.cpp.o[0m
[29.093s] [ 51%] [32m[1mLinking CXX executable test_servo_collision[0m
[29.456s] [ 51%] Built target test_servo_collision
[31.817s] [ 54%] [32m[1mLinking CXX executable test_servo_integration[0m
[32.172s] [ 54%] Built target test_servo_integration
[45.887s] [ 57%] [32m[1mLinking CXX shared library libmoveit_servo_lib.so[0m
[46.242s] [ 63%] Built target moveit_servo_lib
[46.266s] [35m[1mConsolidate compiler generated dependencies of target servo_calcs_unit_tests[0m
[46.267s] [35m[1mConsolidate compiler generated dependencies of target servo_node[0m
[46.268s] [35m[1mConsolidate compiler generated dependencies of target pose_tracking[0m
[46.299s] [ 66%] [32mBuilding CXX object CMakeFiles/servo_calcs_unit_tests.dir/test/servo_calcs_unit_tests.cpp.o[0m
[46.303s] [ 69%] [32mBuilding CXX object CMakeFiles/pose_tracking.dir/src/pose_tracking.cpp.o[0m
[46.306s] [ 72%] [32mBuilding CXX object CMakeFiles/servo_node.dir/src/servo_node.cpp.o[0m
[56.207s] [ 75%] [32m[1mLinking CXX shared library libservo_node.so[0m
[56.473s] [ 75%] Built target servo_node
[56.499s] [35m[1mConsolidate compiler generated dependencies of target servo_node_main[0m
[56.534s] [ 78%] [32mBuilding CXX object CMakeFiles/servo_node_main.dir/src/servo_node_main.cpp.o[0m
[63.440s] [ 81%] [32m[1mLinking CXX shared library libpose_tracking.so[0m
[63.712s] [ 81%] Built target pose_tracking
[63.748s] [35m[1mConsolidate compiler generated dependencies of target servo_pose_tracking_demo[0m
[63.748s] [35m[1mConsolidate compiler generated dependencies of target test_servo_pose_tracking[0m
[63.790s] [ 84%] [32mBuilding CXX object CMakeFiles/test_servo_pose_tracking.dir/test/pose_tracking_test.cpp.o[0m
[63.791s] [ 87%] [32mBuilding CXX object CMakeFiles/servo_pose_tracking_demo.dir/src/cpp_interface_demo/pose_tracking_demo.cpp.o[0m
[65.044s] [ 90%] [32m[1mLinking CXX executable servo_node_main[0m
[65.400s] [ 90%] Built target servo_node_main
[65.411s] [ 93%] [32m[1mLinking CXX executable servo_calcs_unit_tests[0m
[65.794s] [ 93%] Built target servo_calcs_unit_tests
[78.986s] [ 96%] [32m[1mLinking CXX executable servo_pose_tracking_demo[0m
[79.344s] [ 96%] Built target servo_pose_tracking_demo
[79.575s] [100%] [32m[1mLinking CXX executable test_servo_pose_tracking[0m
[79.937s] [100%] Built target test_servo_pose_tracking
[79.955s] Invoked command in '/ros2_ws/src/moveit_servo_kinova/build/moveit_servo_kinova' returned '0': CMAKE_PREFIX_PATH=${CMAKE_PREFIX_PATH}:/ros2_ws/install/moveit_configs_utils:/ros2_ws/install/rqt_joint_trajectory_controller:/ros2_ws/install/rqt_controller_manager:/ros2_ws/install/ros2controlcli:/ros2_ws/install/ros2_controllers_test_nodes:/ros2_ws/install/launch_param_builder:/ros2_ws/install/kinova_project:/opt/ros/humble /usr/bin/cmake --build /ros2_ws/src/moveit_servo_kinova/build/moveit_servo_kinova -- -j16 -l16
[80.150s] Invoking command in '/ros2_ws/src/moveit_servo_kinova/build/moveit_servo_kinova': CMAKE_PREFIX_PATH=${CMAKE_PREFIX_PATH}:/ros2_ws/install/moveit_configs_utils:/ros2_ws/install/rqt_joint_trajectory_controller:/ros2_ws/install/rqt_controller_manager:/ros2_ws/install/ros2controlcli:/ros2_ws/install/ros2_controllers_test_nodes:/ros2_ws/install/launch_param_builder:/ros2_ws/install/kinova_project:/opt/ros/humble /usr/bin/cmake --install /ros2_ws/src/moveit_servo_kinova/build/moveit_servo_kinova
[80.160s] -- Install configuration: "Release"
[80.160s] -- Installing: /ros2_ws/src/moveit_servo_kinova/install/moveit_servo_kinova/lib/libmoveit_servo_lib.so.2.5.5
[80.163s] -- Set runtime path of "/ros2_ws/src/moveit_servo_kinova/install/moveit_servo_kinova/lib/libmoveit_servo_lib.so.2.5.5" to ""
[80.163s] -- Up-to-date: /ros2_ws/src/moveit_servo_kinova/install/moveit_servo_kinova/lib/libmoveit_servo_lib.so
[80.163s] -- Installing: /ros2_ws/src/moveit_servo_kinova/install/moveit_servo_kinova/lib/libmoveit_servo_lib_parameters.so.2.5.5
[80.163s] -- Set runtime path of "/ros2_ws/src/moveit_servo_kinova/install/moveit_servo_kinova/lib/libmoveit_servo_lib_parameters.so.2.5.5" to ""
[80.163s] -- Up-to-date: /ros2_ws/src/moveit_servo_kinova/install/moveit_servo_kinova/lib/libmoveit_servo_lib_parameters.so
[80.163s] -- Installing: /ros2_ws/src/moveit_servo_kinova/install/moveit_servo_kinova/lib/libpose_tracking.so
[80.164s] -- Set runtime path of "/ros2_ws/src/moveit_servo_kinova/install/moveit_servo_kinova/lib/libpose_tracking.so" to ""
[80.164s] -- Installing: /ros2_ws/src/moveit_servo_kinova/install/moveit_servo_kinova/lib/libservo_node.so
[80.165s] -- Set runtime path of "/ros2_ws/src/moveit_servo_kinova/install/moveit_servo_kinova/lib/libservo_node.so" to ""
[80.165s] -- Up-to-date: /ros2_ws/src/moveit_servo_kinova/install/moveit_servo_kinova/lib/libservo_controller_input.so
[80.165s] -- Installing: /ros2_ws/src/moveit_servo_kinova/install/moveit_servo_kinova/lib/moveit_servo_kinova/servo_node_main
[80.165s] -- Set runtime path of "/ros2_ws/src/moveit_servo_kinova/install/moveit_servo_kinova/lib/moveit_servo_kinova/servo_node_main" to ""
[80.165s] -- Installing: /ros2_ws/src/moveit_servo_kinova/install/moveit_servo_kinova/lib/moveit_servo_kinova/servo_pose_tracking_demo
[80.166s] -- Set runtime path of "/ros2_ws/src/moveit_servo_kinova/install/moveit_servo_kinova/lib/moveit_servo_kinova/servo_pose_tracking_demo" to ""
[80.166s] -- Up-to-date: /ros2_ws/src/moveit_servo_kinova/install/moveit_servo_kinova/lib/moveit_servo_kinova/fake_command_publisher
[80.166s] -- Up-to-date: /ros2_ws/src/moveit_servo_kinova/install/moveit_servo_kinova/include
[80.166s] -- Up-to-date: /ros2_ws/src/moveit_servo_kinova/install/moveit_servo_kinova/include/moveit_servo
[80.166s] -- Up-to-date: /ros2_ws/src/moveit_servo_kinova/install/moveit_servo_kinova/include/moveit_servo/status_codes.h
[80.166s] -- Up-to-date: /ros2_ws/src/moveit_servo_kinova/install/moveit_servo_kinova/include/moveit_servo/enforce_limits.hpp
[80.166s] -- Up-to-date: /ros2_ws/src/moveit_servo_kinova/install/moveit_servo_kinova/include/moveit_servo/servo_server.h
[80.166s] -- Up-to-date: /ros2_ws/src/moveit_servo_kinova/install/moveit_servo_kinova/include/moveit_servo/pose_tracking.h
[80.167s] -- Up-to-date: /ros2_ws/src/moveit_servo_kinova/install/moveit_servo_kinova/include/moveit_servo/servo.h
[80.167s] -- Up-to-date: /ros2_ws/src/moveit_servo_kinova/install/moveit_servo_kinova/include/moveit_servo/collision_check.h
[80.167s] -- Up-to-date: /ros2_ws/src/moveit_servo_kinova/install/moveit_servo_kinova/include/moveit_servo/parameter_descriptor_builder.hpp
[80.167s] -- Up-to-date: /ros2_ws/src/moveit_servo_kinova/install/moveit_servo_kinova/include/moveit_servo/servo_node.h
[80.167s] -- Up-to-date: /ros2_ws/src/moveit_servo_kinova/install/moveit_servo_kinova/include/moveit_servo/servo_calcs.h
[80.167s] -- Installing: /ros2_ws/src/moveit_servo_kinova/install/moveit_servo_kinova/include/moveit_servo/servo_parameters.h
[80.167s] -- Up-to-date: /ros2_ws/src/moveit_servo_kinova/install/moveit_servo_kinova/include/moveit_servo/utilities.h
[80.167s] -- Up-to-date: /ros2_ws/src/moveit_servo_kinova/install/moveit_servo_kinova/include/moveit_servo/make_shared_from_pool.h
[80.167s] -- Up-to-date: /ros2_ws/src/moveit_servo_kinova/install/moveit_servo_kinova/share/moveit_servo_kinova/launch
[80.167s] -- Up-to-date: /ros2_ws/src/moveit_servo_kinova/install/moveit_servo_kinova/share/moveit_servo_kinova/launch/pose_tracking_example.launch.py
[80.167s] -- Up-to-date: /ros2_ws/src/moveit_servo_kinova/install/moveit_servo_kinova/share/moveit_servo_kinova/launch/servo_example.launch.py
[80.167s] -- Up-to-date: /ros2_ws/src/moveit_servo_kinova/install/moveit_servo_kinova/share/moveit_servo_kinova/launch/kinova_launch.launch.py
[80.167s] -- Up-to-date: /ros2_ws/src/moveit_servo_kinova/install/moveit_servo_kinova/share/moveit_servo_kinova/config
[80.167s] -- Up-to-date: /ros2_ws/src/moveit_servo_kinova/install/moveit_servo_kinova/share/moveit_servo_kinova/config/pose_tracking_settings.yaml
[80.168s] -- Up-to-date: /ros2_ws/src/moveit_servo_kinova/install/moveit_servo_kinova/share/moveit_servo_kinova/config/demo_rviz_config.rviz
[80.168s] -- Up-to-date: /ros2_ws/src/moveit_servo_kinova/install/moveit_servo_kinova/share/moveit_servo_kinova/config/demo_rviz_pose_tracking.rviz
[80.168s] -- Up-to-date: /ros2_ws/src/moveit_servo_kinova/install/moveit_servo_kinova/share/moveit_servo_kinova/config/panda_simulated_config_pose_tracking.yaml
[80.168s] -- Up-to-date: /ros2_ws/src/moveit_servo_kinova/install/moveit_servo_kinova/share/moveit_servo_kinova/config/gen3_simulated_config.yaml
[80.168s] -- Up-to-date: /ros2_ws/src/moveit_servo_kinova/install/moveit_servo_kinova/share/moveit_servo_kinova/environment/library_path.sh
[80.168s] -- Up-to-date: /ros2_ws/src/moveit_servo_kinova/install/moveit_servo_kinova/share/moveit_servo_kinova/environment/library_path.dsv
[80.168s] -- Up-to-date: /ros2_ws/src/moveit_servo_kinova/install/moveit_servo_kinova/share/ament_index/resource_index/package_run_dependencies/moveit_servo_kinova
[80.168s] -- Up-to-date: /ros2_ws/src/moveit_servo_kinova/install/moveit_servo_kinova/share/ament_index/resource_index/parent_prefix_path/moveit_servo_kinova
[80.168s] -- Up-to-date: /ros2_ws/src/moveit_servo_kinova/install/moveit_servo_kinova/share/moveit_servo_kinova/environment/ament_prefix_path.sh
[80.169s] -- Up-to-date: /ros2_ws/src/moveit_servo_kinova/install/moveit_servo_kinova/share/moveit_servo_kinova/environment/ament_prefix_path.dsv
[80.169s] -- Up-to-date: /ros2_ws/src/moveit_servo_kinova/install/moveit_servo_kinova/share/moveit_servo_kinova/environment/path.sh
[80.169s] -- Up-to-date: /ros2_ws/src/moveit_servo_kinova/install/moveit_servo_kinova/share/moveit_servo_kinova/environment/path.dsv
[80.169s] -- Up-to-date: /ros2_ws/src/moveit_servo_kinova/install/moveit_servo_kinova/share/moveit_servo_kinova/local_setup.bash
[80.169s] -- Up-to-date: /ros2_ws/src/moveit_servo_kinova/install/moveit_servo_kinova/share/moveit_servo_kinova/local_setup.sh
[80.169s] -- Up-to-date: /ros2_ws/src/moveit_servo_kinova/install/moveit_servo_kinova/share/moveit_servo_kinova/local_setup.zsh
[80.170s] -- Up-to-date: /ros2_ws/src/moveit_servo_kinova/install/moveit_servo_kinova/share/moveit_servo_kinova/local_setup.dsv
[80.170s] -- Installing: /ros2_ws/src/moveit_servo_kinova/install/moveit_servo_kinova/share/moveit_servo_kinova/package.dsv
[80.170s] -- Up-to-date: /ros2_ws/src/moveit_servo_kinova/install/moveit_servo_kinova/share/ament_index/resource_index/packages/moveit_servo_kinova
[80.170s] -- Up-to-date: /ros2_ws/src/moveit_servo_kinova/install/moveit_servo_kinova/share/ament_index/resource_index/rclcpp_components/moveit_servo_kinova
[80.170s] -- Up-to-date: /ros2_ws/src/moveit_servo_kinova/install/moveit_servo_kinova/share/moveit_servo_kinova/cmake/export_moveit_servo_kinovaExport.cmake
[80.170s] -- Up-to-date: /ros2_ws/src/moveit_servo_kinova/install/moveit_servo_kinova/share/moveit_servo_kinova/cmake/export_moveit_servo_kinovaExport-release.cmake
[80.170s] -- Up-to-date: /ros2_ws/src/moveit_servo_kinova/install/moveit_servo_kinova/share/moveit_servo_kinova/cmake/ament_cmake_export_targets-extras.cmake
[80.170s] -- Up-to-date: /ros2_ws/src/moveit_servo_kinova/install/moveit_servo_kinova/share/moveit_servo_kinova/cmake/ament_cmake_export_dependencies-extras.cmake
[80.170s] -- Up-to-date: /ros2_ws/src/moveit_servo_kinova/install/moveit_servo_kinova/share/moveit_servo_kinova/cmake/moveit_servo_kinovaConfig.cmake
[80.170s] -- Up-to-date: /ros2_ws/src/moveit_servo_kinova/install/moveit_servo_kinova/share/moveit_servo_kinova/cmake/moveit_servo_kinovaConfig-version.cmake
[80.170s] -- Up-to-date: /ros2_ws/src/moveit_servo_kinova/install/moveit_servo_kinova/share/moveit_servo_kinova/package.xml
[80.170s] Invoked command in '/ros2_ws/src/moveit_servo_kinova/build/moveit_servo_kinova' returned '0': CMAKE_PREFIX_PATH=${CMAKE_PREFIX_PATH}:/ros2_ws/install/moveit_configs_utils:/ros2_ws/install/rqt_joint_trajectory_controller:/ros2_ws/install/rqt_controller_manager:/ros2_ws/install/ros2controlcli:/ros2_ws/install/ros2_controllers_test_nodes:/ros2_ws/install/launch_param_builder:/ros2_ws/install/kinova_project:/opt/ros/humble /usr/bin/cmake --install /ros2_ws/src/moveit_servo_kinova/build/moveit_servo_kinova
