[0.068s] DEBUG:colcon:Command line arguments: ['/usr/bin/colcon', 'build', '--packages-select', 'moveit_servo_kinova']
[0.068s] DEBUG:colcon:Parsed command line arguments: Namespace(log_base=None, log_level=None, verb_name='build', build_base='build', install_base='install', merge_install=False, symlink_install=False, test_result_base=None, continue_on_error=False, executor='parallel', parallel_workers=16, event_handlers=None, ignore_user_meta=False, metas=['./colcon.meta'], base_paths=['.'], packages_ignore=None, packages_ignore_regex=None, paths=None, packages_up_to=None, packages_up_to_regex=None, packages_above=None, packages_above_and_dependencies=None, packages_above_depth=None, packages_select_by_dep=None, packages_skip_by_dep=None, packages_skip_up_to=None, packages_select_build_failed=False, packages_skip_build_finished=False, packages_select_test_failures=False, packages_skip_test_passed=False, packages_select=['moveit_servo_kinova'], packages_skip=None, packages_select_regex=None, packages_skip_regex=None, packages_start=None, packages_end=None, cmake_args=None, cmake_target=None, cmake_target_skip_unavailable=False, cmake_clean_cache=False, cmake_clean_first=False, cmake_force_configure=False, ament_cmake_args=None, catkin_cmake_args=None, catkin_skip_building_tests=False, mixin_files=None, mixin=None, verb_parser=<colcon_mixin.mixin.mixin_argument.MixinArgumentDecorator object at 0x78bd1c3fe7a0>, verb_extension=<colcon_core.verb.build.BuildVerb object at 0x78bd1c3fe2f0>, main=<bound method BuildVerb.main of <colcon_core.verb.build.BuildVerb object at 0x78bd1c3fe2f0>>, mixin_verb=('build',))
[0.147s] Level 1:colcon.colcon_core.package_discovery:discover_packages(colcon_meta) check parameters
[0.147s] Level 1:colcon.colcon_core.package_discovery:discover_packages(recursive) check parameters
[0.147s] Level 1:colcon.colcon_core.package_discovery:discover_packages(ignore) check parameters
[0.147s] Level 1:colcon.colcon_core.package_discovery:discover_packages(path) check parameters
[0.147s] Level 1:colcon.colcon_core.package_discovery:discover_packages(colcon_meta) discover
[0.147s] Level 1:colcon.colcon_core.package_discovery:discover_packages(recursive) discover
[0.147s] INFO:colcon.colcon_core.package_discovery:Crawling recursively for packages in '/ros2_ws/src/moveit_servo_kinova'
[0.147s] Level 1:colcon.colcon_core.package_identification:_identify(.) by extensions ['ignore', 'ignore_ament_install']
[0.147s] Level 1:colcon.colcon_core.package_identification:_identify(.) by extension 'ignore'
[0.147s] Level 1:colcon.colcon_core.package_identification:_identify(.) by extension 'ignore_ament_install'
[0.147s] Level 1:colcon.colcon_core.package_identification:_identify(.) by extensions ['colcon_pkg']
[0.147s] Level 1:colcon.colcon_core.package_identification:_identify(.) by extension 'colcon_pkg'
[0.147s] Level 1:colcon.colcon_core.package_identification:_identify(.) by extensions ['colcon_meta']
[0.147s] Level 1:colcon.colcon_core.package_identification:_identify(.) by extension 'colcon_meta'
[0.147s] Level 1:colcon.colcon_core.package_identification:_identify(.) by extensions ['ros']
[0.147s] Level 1:colcon.colcon_core.package_identification:_identify(.) by extension 'ros'
[0.158s] DEBUG:colcon.colcon_core.package_identification:Package '.' with type 'ros.ament_cmake' and name 'moveit_servo_kinova'
[0.159s] Level 1:colcon.colcon_core.package_discovery:discover_packages(recursive) using defaults
[0.159s] Level 1:colcon.colcon_core.package_discovery:discover_packages(ignore) discover
[0.159s] Level 1:colcon.colcon_core.package_discovery:discover_packages(ignore) using defaults
[0.159s] Level 1:colcon.colcon_core.package_discovery:discover_packages(path) discover
[0.159s] Level 1:colcon.colcon_core.package_discovery:discover_packages(path) using defaults
[0.171s] Level 5:colcon.colcon_core.verb:set package 'moveit_servo_kinova' build argument 'cmake_args' from command line to 'None'
[0.171s] Level 5:colcon.colcon_core.verb:set package 'moveit_servo_kinova' build argument 'cmake_target' from command line to 'None'
[0.171s] Level 5:colcon.colcon_core.verb:set package 'moveit_servo_kinova' build argument 'cmake_target_skip_unavailable' from command line to 'False'
[0.171s] Level 5:colcon.colcon_core.verb:set package 'moveit_servo_kinova' build argument 'cmake_clean_cache' from command line to 'False'
[0.171s] Level 5:colcon.colcon_core.verb:set package 'moveit_servo_kinova' build argument 'cmake_clean_first' from command line to 'False'
[0.171s] Level 5:colcon.colcon_core.verb:set package 'moveit_servo_kinova' build argument 'cmake_force_configure' from command line to 'False'
[0.171s] Level 5:colcon.colcon_core.verb:set package 'moveit_servo_kinova' build argument 'ament_cmake_args' from command line to 'None'
[0.171s] Level 5:colcon.colcon_core.verb:set package 'moveit_servo_kinova' build argument 'catkin_cmake_args' from command line to 'None'
[0.171s] Level 5:colcon.colcon_core.verb:set package 'moveit_servo_kinova' build argument 'catkin_skip_building_tests' from command line to 'False'
[0.171s] DEBUG:colcon.colcon_core.verb:Building package 'moveit_servo_kinova' with the following arguments: {'ament_cmake_args': None, 'build_base': '/ros2_ws/src/moveit_servo_kinova/build/moveit_servo_kinova', 'catkin_cmake_args': None, 'catkin_skip_building_tests': False, 'cmake_args': None, 'cmake_clean_cache': False, 'cmake_clean_first': False, 'cmake_force_configure': False, 'cmake_target': None, 'cmake_target_skip_unavailable': False, 'install_base': '/ros2_ws/src/moveit_servo_kinova/install/moveit_servo_kinova', 'merge_install': False, 'path': '/ros2_ws/src/moveit_servo_kinova', 'symlink_install': False, 'test_result_base': None}
[0.171s] INFO:colcon.colcon_core.executor:Executing jobs using 'parallel' executor
[0.172s] DEBUG:colcon.colcon_parallel_executor.executor.parallel:run_until_complete
[0.172s] INFO:colcon.colcon_ros.task.ament_cmake.build:Building ROS package in '/ros2_ws/src/moveit_servo_kinova' with build type 'ament_cmake'
[0.172s] INFO:colcon.colcon_cmake.task.cmake.build:Building CMake package in '/ros2_ws/src/moveit_servo_kinova'
[0.173s] INFO:colcon.colcon_core.plugin_system:Skipping extension 'colcon_core.shell.bat': Not used on non-Windows systems
[0.173s] INFO:colcon.colcon_core.shell:Skip shell extension 'powershell' for command environment: Not usable outside of PowerShell
[0.173s] DEBUG:colcon.colcon_core.shell:Skip shell extension 'dsv' for command environment
[0.279s] DEBUG:colcon.colcon_core.event_handler.log_command:Invoking command in '/ros2_ws/src/moveit_servo_kinova/build/moveit_servo_kinova': CMAKE_PREFIX_PATH=${CMAKE_PREFIX_PATH}:/ros2_ws/install/moveit_configs_utils:/ros2_ws/install/rqt_joint_trajectory_controller:/ros2_ws/install/rqt_controller_manager:/ros2_ws/install/ros2controlcli:/ros2_ws/install/ros2_controllers_test_nodes:/ros2_ws/install/launch_param_builder:/ros2_ws/install/kinova_project:/opt/ros/humble /usr/bin/cmake --build /ros2_ws/src/moveit_servo_kinova/build/moveit_servo_kinova -- -j16 -l16
[79.613s] DEBUG:colcon.colcon_core.event_handler.log_command:Invoked command in '/ros2_ws/src/moveit_servo_kinova/build/moveit_servo_kinova' returned '0': CMAKE_PREFIX_PATH=${CMAKE_PREFIX_PATH}:/ros2_ws/install/moveit_configs_utils:/ros2_ws/install/rqt_joint_trajectory_controller:/ros2_ws/install/rqt_controller_manager:/ros2_ws/install/ros2controlcli:/ros2_ws/install/ros2_controllers_test_nodes:/ros2_ws/install/launch_param_builder:/ros2_ws/install/kinova_project:/opt/ros/humble /usr/bin/cmake --build /ros2_ws/src/moveit_servo_kinova/build/moveit_servo_kinova -- -j16 -l16
[79.830s] DEBUG:colcon.colcon_core.event_handler.log_command:Invoking command in '/ros2_ws/src/moveit_servo_kinova/build/moveit_servo_kinova': CMAKE_PREFIX_PATH=${CMAKE_PREFIX_PATH}:/ros2_ws/install/moveit_configs_utils:/ros2_ws/install/rqt_joint_trajectory_controller:/ros2_ws/install/rqt_controller_manager:/ros2_ws/install/ros2controlcli:/ros2_ws/install/ros2_controllers_test_nodes:/ros2_ws/install/launch_param_builder:/ros2_ws/install/kinova_project:/opt/ros/humble /usr/bin/cmake --install /ros2_ws/src/moveit_servo_kinova/build/moveit_servo_kinova
[80.310s] Level 1:colcon.colcon_core.environment:create_environment_scripts_only(moveit_servo_kinova)
[80.312s] DEBUG:colcon.colcon_core.event_handler.log_command:Invoked command in '/ros2_ws/src/moveit_servo_kinova/build/moveit_servo_kinova' returned '0': CMAKE_PREFIX_PATH=${CMAKE_PREFIX_PATH}:/ros2_ws/install/moveit_configs_utils:/ros2_ws/install/rqt_joint_trajectory_controller:/ros2_ws/install/rqt_controller_manager:/ros2_ws/install/ros2controlcli:/ros2_ws/install/ros2_controllers_test_nodes:/ros2_ws/install/launch_param_builder:/ros2_ws/install/kinova_project:/opt/ros/humble /usr/bin/cmake --install /ros2_ws/src/moveit_servo_kinova/build/moveit_servo_kinova
[80.318s] Level 1:colcon.colcon_core.environment:checking '/ros2_ws/src/moveit_servo_kinova/install/moveit_servo_kinova' for CMake module files
[80.319s] Level 1:colcon.colcon_core.environment:checking '/ros2_ws/src/moveit_servo_kinova/install/moveit_servo_kinova' for CMake config files
[80.319s] Level 1:colcon.colcon_core.shell:create_environment_hook('moveit_servo_kinova', 'cmake_prefix_path')
[80.319s] INFO:colcon.colcon_core.shell:Creating environment hook '/ros2_ws/src/moveit_servo_kinova/install/moveit_servo_kinova/share/moveit_servo_kinova/hook/cmake_prefix_path.ps1'
[80.405s] INFO:colcon.colcon_core.shell:Creating environment descriptor '/ros2_ws/src/moveit_servo_kinova/install/moveit_servo_kinova/share/moveit_servo_kinova/hook/cmake_prefix_path.dsv'
[80.406s] INFO:colcon.colcon_core.shell:Creating environment hook '/ros2_ws/src/moveit_servo_kinova/install/moveit_servo_kinova/share/moveit_servo_kinova/hook/cmake_prefix_path.sh'
[80.411s] Level 1:colcon.colcon_core.environment:checking '/ros2_ws/src/moveit_servo_kinova/install/moveit_servo_kinova/lib'
[80.511s] Level 1:colcon.colcon_core.shell:create_environment_hook('moveit_servo_kinova', 'ld_library_path_lib')
[80.512s] INFO:colcon.colcon_core.shell:Creating environment hook '/ros2_ws/src/moveit_servo_kinova/install/moveit_servo_kinova/share/moveit_servo_kinova/hook/ld_library_path_lib.ps1'
[80.515s] INFO:colcon.colcon_core.shell:Creating environment descriptor '/ros2_ws/src/moveit_servo_kinova/install/moveit_servo_kinova/share/moveit_servo_kinova/hook/ld_library_path_lib.dsv'
[80.516s] INFO:colcon.colcon_core.shell:Creating environment hook '/ros2_ws/src/moveit_servo_kinova/install/moveit_servo_kinova/share/moveit_servo_kinova/hook/ld_library_path_lib.sh'
[80.516s] Level 1:colcon.colcon_core.environment:checking '/ros2_ws/src/moveit_servo_kinova/install/moveit_servo_kinova/bin'
[80.516s] Level 1:colcon.colcon_core.environment:checking '/ros2_ws/src/moveit_servo_kinova/install/moveit_servo_kinova/lib/pkgconfig/moveit_servo_kinova.pc'
[80.518s] Level 1:colcon.colcon_core.environment:checking '/ros2_ws/src/moveit_servo_kinova/install/moveit_servo_kinova/lib/python3.10/site-packages'
[80.518s] Level 1:colcon.colcon_core.environment:checking '/ros2_ws/src/moveit_servo_kinova/install/moveit_servo_kinova/bin'
[80.518s] INFO:colcon.colcon_core.shell:Creating package script '/ros2_ws/src/moveit_servo_kinova/install/moveit_servo_kinova/share/moveit_servo_kinova/package.ps1'
[80.519s] INFO:colcon.colcon_core.shell:Creating package descriptor '/ros2_ws/src/moveit_servo_kinova/install/moveit_servo_kinova/share/moveit_servo_kinova/package.dsv'
[80.519s] INFO:colcon.colcon_core.shell:Creating package script '/ros2_ws/src/moveit_servo_kinova/install/moveit_servo_kinova/share/moveit_servo_kinova/package.sh'
[80.520s] INFO:colcon.colcon_core.shell:Creating package script '/ros2_ws/src/moveit_servo_kinova/install/moveit_servo_kinova/share/moveit_servo_kinova/package.bash'
[80.520s] INFO:colcon.colcon_core.shell:Creating package script '/ros2_ws/src/moveit_servo_kinova/install/moveit_servo_kinova/share/moveit_servo_kinova/package.zsh'
[80.521s] Level 1:colcon.colcon_core.environment:create_file_with_runtime_dependencies(/ros2_ws/src/moveit_servo_kinova/install/moveit_servo_kinova/share/colcon-core/packages/moveit_servo_kinova)
[80.704s] Level 1:colcon.colcon_core.environment:create_environment_scripts_only(moveit_servo_kinova)
[80.704s] Level 1:colcon.colcon_core.environment:checking '/ros2_ws/src/moveit_servo_kinova/install/moveit_servo_kinova' for CMake module files
[80.705s] Level 1:colcon.colcon_core.environment:checking '/ros2_ws/src/moveit_servo_kinova/install/moveit_servo_kinova' for CMake config files
[80.705s] Level 1:colcon.colcon_core.shell:create_environment_hook('moveit_servo_kinova', 'cmake_prefix_path')
[80.705s] INFO:colcon.colcon_core.shell:Creating environment hook '/ros2_ws/src/moveit_servo_kinova/install/moveit_servo_kinova/share/moveit_servo_kinova/hook/cmake_prefix_path.ps1'
[80.705s] INFO:colcon.colcon_core.shell:Creating environment descriptor '/ros2_ws/src/moveit_servo_kinova/install/moveit_servo_kinova/share/moveit_servo_kinova/hook/cmake_prefix_path.dsv'
[80.706s] INFO:colcon.colcon_core.shell:Creating environment hook '/ros2_ws/src/moveit_servo_kinova/install/moveit_servo_kinova/share/moveit_servo_kinova/hook/cmake_prefix_path.sh'
[80.706s] Level 1:colcon.colcon_core.environment:checking '/ros2_ws/src/moveit_servo_kinova/install/moveit_servo_kinova/lib'
[80.706s] Level 1:colcon.colcon_core.shell:create_environment_hook('moveit_servo_kinova', 'ld_library_path_lib')
[80.706s] INFO:colcon.colcon_core.shell:Creating environment hook '/ros2_ws/src/moveit_servo_kinova/install/moveit_servo_kinova/share/moveit_servo_kinova/hook/ld_library_path_lib.ps1'
[80.706s] INFO:colcon.colcon_core.shell:Creating environment descriptor '/ros2_ws/src/moveit_servo_kinova/install/moveit_servo_kinova/share/moveit_servo_kinova/hook/ld_library_path_lib.dsv'
[80.707s] INFO:colcon.colcon_core.shell:Creating environment hook '/ros2_ws/src/moveit_servo_kinova/install/moveit_servo_kinova/share/moveit_servo_kinova/hook/ld_library_path_lib.sh'
[80.707s] Level 1:colcon.colcon_core.environment:checking '/ros2_ws/src/moveit_servo_kinova/install/moveit_servo_kinova/bin'
[80.707s] Level 1:colcon.colcon_core.environment:checking '/ros2_ws/src/moveit_servo_kinova/install/moveit_servo_kinova/lib/pkgconfig/moveit_servo_kinova.pc'
[80.707s] Level 1:colcon.colcon_core.environment:checking '/ros2_ws/src/moveit_servo_kinova/install/moveit_servo_kinova/lib/python3.10/site-packages'
[80.707s] Level 1:colcon.colcon_core.environment:checking '/ros2_ws/src/moveit_servo_kinova/install/moveit_servo_kinova/bin'
[80.707s] INFO:colcon.colcon_core.shell:Creating package script '/ros2_ws/src/moveit_servo_kinova/install/moveit_servo_kinova/share/moveit_servo_kinova/package.ps1'
[80.708s] INFO:colcon.colcon_core.shell:Creating package descriptor '/ros2_ws/src/moveit_servo_kinova/install/moveit_servo_kinova/share/moveit_servo_kinova/package.dsv'
[80.708s] INFO:colcon.colcon_core.shell:Creating package script '/ros2_ws/src/moveit_servo_kinova/install/moveit_servo_kinova/share/moveit_servo_kinova/package.sh'
[80.708s] INFO:colcon.colcon_core.shell:Creating package script '/ros2_ws/src/moveit_servo_kinova/install/moveit_servo_kinova/share/moveit_servo_kinova/package.bash'
[80.709s] INFO:colcon.colcon_core.shell:Creating package script '/ros2_ws/src/moveit_servo_kinova/install/moveit_servo_kinova/share/moveit_servo_kinova/package.zsh'
[80.709s] Level 1:colcon.colcon_core.environment:create_file_with_runtime_dependencies(/ros2_ws/src/moveit_servo_kinova/install/moveit_servo_kinova/share/colcon-core/packages/moveit_servo_kinova)
[80.709s] DEBUG:colcon.colcon_parallel_executor.executor.parallel:closing loop
[80.709s] DEBUG:colcon.colcon_parallel_executor.executor.parallel:loop closed
[80.709s] DEBUG:colcon.colcon_parallel_executor.executor.parallel:run_until_complete finished with '0'
[80.709s] DEBUG:colcon.colcon_core.event_reactor:joining thread
[80.713s] INFO:colcon.colcon_core.plugin_system:Skipping extension 'colcon_notification.desktop_notification.notify_send': Could not find 'notify-send'
[80.714s] INFO:colcon.colcon_core.plugin_system:Skipping extension 'colcon_notification.desktop_notification.terminal_notifier': Not used on non-Darwin systems
[80.714s] INFO:colcon.colcon_core.plugin_system:Skipping extension 'colcon_notification.desktop_notification.win32': Not used on non-Windows systems
[80.714s] INFO:colcon.colcon_notification.desktop_notification:Sending desktop notification using 'notify2'
[80.716s] DEBUG:colcon.colcon_notification.desktop_notification.notify2:Failed to initialize notify2: org.freedesktop.DBus.Error.Spawn.ExecFailed: /usr/bin/dbus-launch terminated abnormally without any error message
[80.716s] DEBUG:colcon.colcon_core.event_reactor:joined thread
[80.716s] INFO:colcon.colcon_core.shell:Creating prefix script '/ros2_ws/src/moveit_servo_kinova/install/local_setup.ps1'
[80.717s] INFO:colcon.colcon_core.shell:Creating prefix util module '/ros2_ws/src/moveit_servo_kinova/install/_local_setup_util_ps1.py'
[80.718s] INFO:colcon.colcon_core.shell:Creating prefix chain script '/ros2_ws/src/moveit_servo_kinova/install/setup.ps1'
[80.721s] INFO:colcon.colcon_core.shell:Creating prefix script '/ros2_ws/src/moveit_servo_kinova/install/local_setup.sh'
[80.722s] INFO:colcon.colcon_core.shell:Creating prefix util module '/ros2_ws/src/moveit_servo_kinova/install/_local_setup_util_sh.py'
[80.722s] INFO:colcon.colcon_core.shell:Creating prefix chain script '/ros2_ws/src/moveit_servo_kinova/install/setup.sh'
[80.726s] INFO:colcon.colcon_core.shell:Creating prefix script '/ros2_ws/src/moveit_servo_kinova/install/local_setup.bash'
[80.726s] INFO:colcon.colcon_core.shell:Creating prefix chain script '/ros2_ws/src/moveit_servo_kinova/install/setup.bash'
[80.731s] INFO:colcon.colcon_core.shell:Creating prefix script '/ros2_ws/src/moveit_servo_kinova/install/local_setup.zsh'
[80.731s] INFO:colcon.colcon_core.shell:Creating prefix chain script '/ros2_ws/src/moveit_servo_kinova/install/setup.zsh'
