[0.106s] Invoking command in '/ros2_ws/src/moveit_servo_kinova/build/moveit_servo_kinova': CMAKE_PREFIX_PATH=${CMAKE_PREFIX_PATH}:/ros2_ws/install/moveit_configs_utils:/ros2_ws/install/rqt_joint_trajectory_controller:/ros2_ws/install/rqt_controller_manager:/ros2_ws/install/ros2controlcli:/ros2_ws/install/ros2_controllers_test_nodes:/ros2_ws/install/launch_param_builder:/ros2_ws/install/kinova_project:/opt/ros/humble /usr/bin/cmake --build /ros2_ws/src/moveit_servo_kinova/build/moveit_servo_kinova -- -j16 -l16
[0.169s] [35m[1mConsolidate compiler generated dependencies of target gtest[0m
[0.170s] [35m[1mConsolidate compiler generated dependencies of target fake_command_publisher[0m
[0.170s] [35m[1mConsolidate compiler generated dependencies of target servo_controller_input[0m
[0.171s] [35m[1mConsolidate compiler generated dependencies of target moveit_servo_lib_parameters[0m
[0.172s] [35m[1mConsolidate compiler generated dependencies of target gtest_main[0m
[0.190s] [  6%] Built target gtest
[0.267s] [ 12%] Built target servo_controller_input
[0.353s] [ 18%] Built target gtest_main
[0.356s] [ 24%] Built target fake_command_publisher
[0.453s] [ 27%] [32mBuilding CXX object CMakeFiles/moveit_servo_lib_parameters.dir/src/servo_parameters.cpp.o[0m
[7.035s] [ 30%] [32m[1mLinking CXX shared library libmoveit_servo_lib_parameters.so[0m
[7.268s] [ 33%] Built target moveit_servo_lib_parameters
[7.292s] [35m[1mConsolidate compiler generated dependencies of target test_servo_collision[0m
[7.293s] [35m[1mConsolidate compiler generated dependencies of target test_servo_integration[0m
[7.296s] [35m[1mConsolidate compiler generated dependencies of target moveit_servo_lib[0m
[7.403s] [ 36%] [32mBuilding CXX object CMakeFiles/test_servo_collision.dir/test/test_servo_collision.cpp.o[0m
[7.552s] [ 39%] [32mBuilding CXX object CMakeFiles/test_servo_integration.dir/test/test_servo_interface.cpp.o[0m
[7.702s] [ 42%] [32mBuilding CXX object CMakeFiles/moveit_servo_lib.dir/src/collision_check.cpp.o[0m
[7.703s] [ 45%] [32mBuilding CXX object CMakeFiles/moveit_servo_lib.dir/src/servo.cpp.o[0m
[7.707s] [ 48%] [32mBuilding CXX object CMakeFiles/moveit_servo_lib.dir/src/servo_calcs.cpp.o[0m
[28.264s] [ 51%] [32m[1mLinking CXX executable test_servo_collision[0m
[28.621s] [ 51%] Built target test_servo_collision
[30.942s] [ 54%] [32m[1mLinking CXX executable test_servo_integration[0m
[31.257s] [ 54%] Built target test_servo_integration
[45.566s] [ 57%] [32m[1mLinking CXX shared library libmoveit_servo_lib.so[0m
[46.163s] [ 63%] Built target moveit_servo_lib
[46.190s] [35m[1mConsolidate compiler generated dependencies of target servo_calcs_unit_tests[0m
[46.194s] [35m[1mConsolidate compiler generated dependencies of target servo_node[0m
[46.194s] [35m[1mConsolidate compiler generated dependencies of target pose_tracking[0m
[46.224s] [ 66%] [32mBuilding CXX object CMakeFiles/servo_calcs_unit_tests.dir/test/servo_calcs_unit_tests.cpp.o[0m
[46.311s] [ 69%] [32mBuilding CXX object CMakeFiles/servo_node.dir/src/servo_node.cpp.o[0m
[46.424s] [ 72%] [32mBuilding CXX object CMakeFiles/pose_tracking.dir/src/pose_tracking.cpp.o[0m
[56.004s] [ 75%] [32m[1mLinking CXX shared library libservo_node.so[0m
[56.263s] [ 75%] Built target servo_node
[56.282s] [35m[1mConsolidate compiler generated dependencies of target servo_node_main[0m
[56.314s] [ 78%] [32mBuilding CXX object CMakeFiles/servo_node_main.dir/src/servo_node_main.cpp.o[0m
[63.012s] [ 81%] [32m[1mLinking CXX shared library libpose_tracking.so[0m
[63.412s] [ 81%] Built target pose_tracking
[63.441s] [35m[1mConsolidate compiler generated dependencies of target servo_pose_tracking_demo[0m
[63.441s] [35m[1mConsolidate compiler generated dependencies of target test_servo_pose_tracking[0m
[63.539s] [ 84%] [32mBuilding CXX object CMakeFiles/servo_pose_tracking_demo.dir/src/cpp_interface_demo/pose_tracking_demo.cpp.o[0m
[63.598s] [ 87%] [32mBuilding CXX object CMakeFiles/test_servo_pose_tracking.dir/test/pose_tracking_test.cpp.o[0m
[64.555s] [ 90%] [32m[1mLinking CXX executable servo_calcs_unit_tests[0m
[64.561s] [ 93%] [32m[1mLinking CXX executable servo_node_main[0m
[65.256s] [ 93%] Built target servo_calcs_unit_tests
[65.257s] [ 93%] Built target servo_node_main
[78.147s] [ 96%] [32m[1mLinking CXX executable servo_pose_tracking_demo[0m
[78.886s] [ 96%] Built target servo_pose_tracking_demo
[79.034s] [100%] [32m[1mLinking CXX executable test_servo_pose_tracking[0m
[79.425s] [100%] Built target test_servo_pose_tracking
[79.441s] Invoked command in '/ros2_ws/src/moveit_servo_kinova/build/moveit_servo_kinova' returned '0': CMAKE_PREFIX_PATH=${CMAKE_PREFIX_PATH}:/ros2_ws/install/moveit_configs_utils:/ros2_ws/install/rqt_joint_trajectory_controller:/ros2_ws/install/rqt_controller_manager:/ros2_ws/install/ros2controlcli:/ros2_ws/install/ros2_controllers_test_nodes:/ros2_ws/install/launch_param_builder:/ros2_ws/install/kinova_project:/opt/ros/humble /usr/bin/cmake --build /ros2_ws/src/moveit_servo_kinova/build/moveit_servo_kinova -- -j16 -l16
[79.658s] Invoking command in '/ros2_ws/src/moveit_servo_kinova/build/moveit_servo_kinova': CMAKE_PREFIX_PATH=${CMAKE_PREFIX_PATH}:/ros2_ws/install/moveit_configs_utils:/ros2_ws/install/rqt_joint_trajectory_controller:/ros2_ws/install/rqt_controller_manager:/ros2_ws/install/ros2controlcli:/ros2_ws/install/ros2_controllers_test_nodes:/ros2_ws/install/launch_param_builder:/ros2_ws/install/kinova_project:/opt/ros/humble /usr/bin/cmake --install /ros2_ws/src/moveit_servo_kinova/build/moveit_servo_kinova
[79.667s] -- Install configuration: "Release"
[79.667s] -- Installing: /ros2_ws/src/moveit_servo_kinova/install/moveit_servo_kinova/lib/libmoveit_servo_lib.so.2.5.5
[79.669s] -- Set runtime path of "/ros2_ws/src/moveit_servo_kinova/install/moveit_servo_kinova/lib/libmoveit_servo_lib.so.2.5.5" to ""
[79.669s] -- Up-to-date: /ros2_ws/src/moveit_servo_kinova/install/moveit_servo_kinova/lib/libmoveit_servo_lib.so
[79.670s] -- Installing: /ros2_ws/src/moveit_servo_kinova/install/moveit_servo_kinova/lib/libmoveit_servo_lib_parameters.so.2.5.5
[79.670s] -- Set runtime path of "/ros2_ws/src/moveit_servo_kinova/install/moveit_servo_kinova/lib/libmoveit_servo_lib_parameters.so.2.5.5" to ""
[79.670s] -- Up-to-date: /ros2_ws/src/moveit_servo_kinova/install/moveit_servo_kinova/lib/libmoveit_servo_lib_parameters.so
[79.670s] -- Installing: /ros2_ws/src/moveit_servo_kinova/install/moveit_servo_kinova/lib/libpose_tracking.so
[79.967s] -- Set runtime path of "/ros2_ws/src/moveit_servo_kinova/install/moveit_servo_kinova/lib/libpose_tracking.so" to ""
[79.967s] -- Installing: /ros2_ws/src/moveit_servo_kinova/install/moveit_servo_kinova/lib/libservo_node.so
[79.968s] -- Set runtime path of "/ros2_ws/src/moveit_servo_kinova/install/moveit_servo_kinova/lib/libservo_node.so" to ""
[79.968s] -- Up-to-date: /ros2_ws/src/moveit_servo_kinova/install/moveit_servo_kinova/lib/libservo_controller_input.so
[79.969s] -- Installing: /ros2_ws/src/moveit_servo_kinova/install/moveit_servo_kinova/lib/moveit_servo_kinova/servo_node_main
[79.976s] -- Set runtime path of "/ros2_ws/src/moveit_servo_kinova/install/moveit_servo_kinova/lib/moveit_servo_kinova/servo_node_main" to ""
[79.976s] -- Installing: /ros2_ws/src/moveit_servo_kinova/install/moveit_servo_kinova/lib/moveit_servo_kinova/servo_pose_tracking_demo
[79.977s] -- Set runtime path of "/ros2_ws/src/moveit_servo_kinova/install/moveit_servo_kinova/lib/moveit_servo_kinova/servo_pose_tracking_demo" to ""
[79.977s] -- Up-to-date: /ros2_ws/src/moveit_servo_kinova/install/moveit_servo_kinova/lib/moveit_servo_kinova/fake_command_publisher
[79.977s] -- Up-to-date: /ros2_ws/src/moveit_servo_kinova/install/moveit_servo_kinova/include
[79.977s] -- Up-to-date: /ros2_ws/src/moveit_servo_kinova/install/moveit_servo_kinova/include/moveit_servo
[79.977s] -- Up-to-date: /ros2_ws/src/moveit_servo_kinova/install/moveit_servo_kinova/include/moveit_servo/status_codes.h
[79.977s] -- Up-to-date: /ros2_ws/src/moveit_servo_kinova/install/moveit_servo_kinova/include/moveit_servo/enforce_limits.hpp
[79.977s] -- Up-to-date: /ros2_ws/src/moveit_servo_kinova/install/moveit_servo_kinova/include/moveit_servo/servo_server.h
[79.978s] -- Up-to-date: /ros2_ws/src/moveit_servo_kinova/install/moveit_servo_kinova/include/moveit_servo/pose_tracking.h
[79.978s] -- Up-to-date: /ros2_ws/src/moveit_servo_kinova/install/moveit_servo_kinova/include/moveit_servo/servo.h
[79.978s] -- Up-to-date: /ros2_ws/src/moveit_servo_kinova/install/moveit_servo_kinova/include/moveit_servo/collision_check.h
[79.978s] -- Up-to-date: /ros2_ws/src/moveit_servo_kinova/install/moveit_servo_kinova/include/moveit_servo/parameter_descriptor_builder.hpp
[79.978s] -- Up-to-date: /ros2_ws/src/moveit_servo_kinova/install/moveit_servo_kinova/include/moveit_servo/servo_node.h
[79.978s] -- Up-to-date: /ros2_ws/src/moveit_servo_kinova/install/moveit_servo_kinova/include/moveit_servo/servo_calcs.h
[79.978s] -- Installing: /ros2_ws/src/moveit_servo_kinova/install/moveit_servo_kinova/include/moveit_servo/servo_parameters.h
[79.978s] -- Up-to-date: /ros2_ws/src/moveit_servo_kinova/install/moveit_servo_kinova/include/moveit_servo/utilities.h
[79.978s] -- Up-to-date: /ros2_ws/src/moveit_servo_kinova/install/moveit_servo_kinova/include/moveit_servo/make_shared_from_pool.h
[79.978s] -- Up-to-date: /ros2_ws/src/moveit_servo_kinova/install/moveit_servo_kinova/share/moveit_servo_kinova/launch
[79.978s] -- Up-to-date: /ros2_ws/src/moveit_servo_kinova/install/moveit_servo_kinova/share/moveit_servo_kinova/launch/pose_tracking_example.launch.py
[79.978s] -- Up-to-date: /ros2_ws/src/moveit_servo_kinova/install/moveit_servo_kinova/share/moveit_servo_kinova/launch/servo_example.launch.py
[79.978s] -- Up-to-date: /ros2_ws/src/moveit_servo_kinova/install/moveit_servo_kinova/share/moveit_servo_kinova/launch/kinova_launch.launch.py
[79.978s] -- Up-to-date: /ros2_ws/src/moveit_servo_kinova/install/moveit_servo_kinova/share/moveit_servo_kinova/config
[79.978s] -- Up-to-date: /ros2_ws/src/moveit_servo_kinova/install/moveit_servo_kinova/share/moveit_servo_kinova/config/pose_tracking_settings.yaml
[79.978s] -- Up-to-date: /ros2_ws/src/moveit_servo_kinova/install/moveit_servo_kinova/share/moveit_servo_kinova/config/demo_rviz_config.rviz
[79.979s] -- Up-to-date: /ros2_ws/src/moveit_servo_kinova/install/moveit_servo_kinova/share/moveit_servo_kinova/config/demo_rviz_pose_tracking.rviz
[79.979s] -- Up-to-date: /ros2_ws/src/moveit_servo_kinova/install/moveit_servo_kinova/share/moveit_servo_kinova/config/panda_simulated_config_pose_tracking.yaml
[79.979s] -- Up-to-date: /ros2_ws/src/moveit_servo_kinova/install/moveit_servo_kinova/share/moveit_servo_kinova/config/gen3_simulated_config.yaml
[79.979s] -- Up-to-date: /ros2_ws/src/moveit_servo_kinova/install/moveit_servo_kinova/share/moveit_servo_kinova/environment/library_path.sh
[79.979s] -- Up-to-date: /ros2_ws/src/moveit_servo_kinova/install/moveit_servo_kinova/share/moveit_servo_kinova/environment/library_path.dsv
[79.979s] -- Up-to-date: /ros2_ws/src/moveit_servo_kinova/install/moveit_servo_kinova/share/ament_index/resource_index/package_run_dependencies/moveit_servo_kinova
[79.979s] -- Up-to-date: /ros2_ws/src/moveit_servo_kinova/install/moveit_servo_kinova/share/ament_index/resource_index/parent_prefix_path/moveit_servo_kinova
[79.979s] -- Up-to-date: /ros2_ws/src/moveit_servo_kinova/install/moveit_servo_kinova/share/moveit_servo_kinova/environment/ament_prefix_path.sh
[79.979s] -- Up-to-date: /ros2_ws/src/moveit_servo_kinova/install/moveit_servo_kinova/share/moveit_servo_kinova/environment/ament_prefix_path.dsv
[79.979s] -- Up-to-date: /ros2_ws/src/moveit_servo_kinova/install/moveit_servo_kinova/share/moveit_servo_kinova/environment/path.sh
[79.979s] -- Up-to-date: /ros2_ws/src/moveit_servo_kinova/install/moveit_servo_kinova/share/moveit_servo_kinova/environment/path.dsv
[79.979s] -- Up-to-date: /ros2_ws/src/moveit_servo_kinova/install/moveit_servo_kinova/share/moveit_servo_kinova/local_setup.bash
[79.979s] -- Up-to-date: /ros2_ws/src/moveit_servo_kinova/install/moveit_servo_kinova/share/moveit_servo_kinova/local_setup.sh
[79.979s] -- Up-to-date: /ros2_ws/src/moveit_servo_kinova/install/moveit_servo_kinova/share/moveit_servo_kinova/local_setup.zsh
[79.979s] -- Up-to-date: /ros2_ws/src/moveit_servo_kinova/install/moveit_servo_kinova/share/moveit_servo_kinova/local_setup.dsv
[79.979s] -- Installing: /ros2_ws/src/moveit_servo_kinova/install/moveit_servo_kinova/share/moveit_servo_kinova/package.dsv
[79.979s] -- Up-to-date: /ros2_ws/src/moveit_servo_kinova/install/moveit_servo_kinova/share/ament_index/resource_index/packages/moveit_servo_kinova
[79.979s] -- Up-to-date: /ros2_ws/src/moveit_servo_kinova/install/moveit_servo_kinova/share/ament_index/resource_index/rclcpp_components/moveit_servo_kinova
[79.980s] -- Up-to-date: /ros2_ws/src/moveit_servo_kinova/install/moveit_servo_kinova/share/moveit_servo_kinova/cmake/export_moveit_servo_kinovaExport.cmake
[79.980s] -- Up-to-date: /ros2_ws/src/moveit_servo_kinova/install/moveit_servo_kinova/share/moveit_servo_kinova/cmake/export_moveit_servo_kinovaExport-release.cmake
[79.980s] -- Up-to-date: /ros2_ws/src/moveit_servo_kinova/install/moveit_servo_kinova/share/moveit_servo_kinova/cmake/ament_cmake_export_targets-extras.cmake
[79.980s] -- Up-to-date: /ros2_ws/src/moveit_servo_kinova/install/moveit_servo_kinova/share/moveit_servo_kinova/cmake/ament_cmake_export_dependencies-extras.cmake
[79.980s] -- Up-to-date: /ros2_ws/src/moveit_servo_kinova/install/moveit_servo_kinova/share/moveit_servo_kinova/cmake/moveit_servo_kinovaConfig.cmake
[79.980s] -- Up-to-date: /ros2_ws/src/moveit_servo_kinova/install/moveit_servo_kinova/share/moveit_servo_kinova/cmake/moveit_servo_kinovaConfig-version.cmake
[79.980s] -- Up-to-date: /ros2_ws/src/moveit_servo_kinova/install/moveit_servo_kinova/share/moveit_servo_kinova/package.xml
[80.139s] Invoked command in '/ros2_ws/src/moveit_servo_kinova/build/moveit_servo_kinova' returned '0': CMAKE_PREFIX_PATH=${CMAKE_PREFIX_PATH}:/ros2_ws/install/moveit_configs_utils:/ros2_ws/install/rqt_joint_trajectory_controller:/ros2_ws/install/rqt_controller_manager:/ros2_ws/install/ros2controlcli:/ros2_ws/install/ros2_controllers_test_nodes:/ros2_ws/install/launch_param_builder:/ros2_ws/install/kinova_project:/opt/ros/humble /usr/bin/cmake --install /ros2_ws/src/moveit_servo_kinova/build/moveit_servo_kinova
