[0.020s] Invoking command in '/ros2_ws/src/moveit_servo_kinova/build/moveit_servo_kinova': CMAKE_PREFIX_PATH=${CMAKE_PREFIX_PATH}:/ros2_ws/install/moveit_configs_utils:/ros2_ws/install/rqt_joint_trajectory_controller:/ros2_ws/install/rqt_controller_manager:/ros2_ws/install/ros2controlcli:/ros2_ws/install/ros2_controllers_test_nodes:/ros2_ws/install/launch_param_builder:/ros2_ws/install/kinova_project:/opt/ros/humble /usr/bin/cmake /ros2_ws/src/moveit_servo_kinova -DCMAKE_INSTALL_PREFIX=/ros2_ws/src/moveit_servo_kinova/install/moveit_servo_kinova
[0.088s] -- The C compiler identification is GNU 11.4.0
[0.138s] -- The CXX compiler identification is GNU 11.4.0
[0.145s] -- Detecting C compiler ABI info
[0.226s] -- Detecting C compiler ABI info - done
[0.230s] -- Check for working C compiler: /usr/bin/cc - skipped
[0.231s] -- Detecting C compile features
[0.231s] -- Detecting C compile features - done
[0.233s] -- Detecting CXX compiler ABI info
[0.314s] -- Detecting CXX compiler ABI info - done
[0.319s] -- Check for working CXX compiler: /usr/bin/c++ - skipped
[0.319s] -- Detecting CXX compile features
[0.319s] -- Detecting CXX compile features - done
[0.327s] -- Found moveit_common: 2.5.5 (/ros2_ws/install/moveit_common/share/moveit_common/cmake)
[0.337s] -- Found ament_cmake: 1.3.10 (/opt/ros/humble/share/ament_cmake/cmake)
[0.488s] -- Found Python3: /usr/bin/python3 (found version "3.10.12") found components: Interpreter 
[0.758s] [0mmoveit_servo_kinova: You did not request a specific build type: Choosing 'Release' for maximum performance[0m
[0.767s] -- Found eigen3_cmake_module: 0.1.1 (/opt/ros/humble/share/eigen3_cmake_module/cmake)
[0.781s] -- Found Eigen3: TRUE (found version "3.4.0") 
[0.792s] -- Found control_msgs: 4.6.0 (/ros2_ws/install/control_msgs/share/control_msgs/cmake)
[0.911s] -- Found rosidl_generator_c: 3.1.5 (/opt/ros/humble/share/rosidl_generator_c/cmake)
[0.931s] -- Found rosidl_adapter: 3.1.5 (/opt/ros/humble/share/rosidl_adapter/cmake)
[0.954s] -- Found rosidl_generator_cpp: 3.1.5 (/opt/ros/humble/share/rosidl_generator_cpp/cmake)
[0.980s] -- Using all available rosidl_typesupport_c: rosidl_typesupport_fastrtps_c;rosidl_typesupport_introspection_c
[1.017s] -- Using all available rosidl_typesupport_cpp: rosidl_typesupport_fastrtps_cpp;rosidl_typesupport_introspection_cpp
[1.178s] -- Found control_toolbox: 3.2.0 (/opt/ros/humble/share/control_toolbox/cmake)
[1.307s] -- Found rmw_implementation_cmake: 6.1.2 (/opt/ros/humble/share/rmw_implementation_cmake/cmake)
[1.322s] -- Found rmw_cyclonedds_cpp: 1.3.4 (/opt/ros/humble/share/rmw_cyclonedds_cpp/cmake)
[1.391s] -- Using RMW implementation 'rmw_cyclonedds_cpp' as default
[1.426s] -- Looking for pthread.h
[1.517s] -- Looking for pthread.h - found
[1.517s] -- Performing Test CMAKE_HAVE_LIBC_PTHREAD
[1.607s] -- Performing Test CMAKE_HAVE_LIBC_PTHREAD - Success
[1.607s] -- Found Threads: TRUE  
[1.731s] -- Found parameter_traits: 0.3.8 (/opt/ros/humble/share/parameter_traits/cmake)
[1.776s] -- Found rclcpp_lifecycle: 16.0.10 (/opt/ros/humble/share/rclcpp_lifecycle/cmake)
[1.880s] -- Found moveit_core: 2.5.5 (/ros2_ws/install/moveit_core/share/moveit_core/cmake)
[2.041s] -- Found Boost: /usr/lib/x86_64-linux-gnu/cmake/Boost-1.74.0/BoostConfig.cmake (found version "1.74.0") found components: chrono date_time filesystem iostreams program_options regex serialization system thread 
[2.129s] -- Found Boost: /usr/lib/x86_64-linux-gnu/cmake/Boost-1.74.0/BoostConfig.cmake (found version "1.74.0") found components: filesystem 
[2.319s] -- library: /usr/lib/x86_64-linux-gnu/libcurl.so
[2.380s] -- Ensuring Eigen3 include directory is part of orocos-kdl CMake target
[2.646s] -- Found moveit_ros_planning: 2.5.5 (/ros2_ws/install/moveit_ros_planning/share/moveit_ros_planning/cmake)
[2.650s] -- Found Boost: /usr/lib/x86_64-linux-gnu/cmake/Boost-1.74.0/BoostConfig.cmake (found version "1.74.0") found components: system filesystem date_time program_options thread chrono 
[2.680s] -- Found std_srvs: 4.2.4 (/opt/ros/humble/share/std_srvs/cmake)
[3.011s] -- Found ament_lint_auto: 0.12.11 (/opt/ros/humble/share/ament_lint_auto/cmake)
[3.020s] -- Found ament_cmake_gtest: 1.3.10 (/opt/ros/humble/share/ament_cmake_gtest/cmake)
[3.030s] -- Found ros_testing: 0.4.0 (/opt/ros/humble/share/ros_testing/cmake)
[3.040s] -- Found launch_testing_ament_cmake: 1.0.6 (/opt/ros/humble/share/launch_testing_ament_cmake/cmake)
[3.050s] -- Found python_cmake_module: 0.10.0 (/opt/ros/humble/share/python_cmake_module/cmake)
[3.068s] -- Found PythonInterp: /usr/bin/python3 (found suitable version "3.10.12", minimum required is "3.6") 
[3.076s] -- Found PythonLibs: /usr/lib/x86_64-linux-gnu/libpython3.10.so (found suitable version "3.10.12", minimum required is "3.5") 
[3.076s] -- Using PYTHON_EXECUTABLE: /usr/bin/python3
[3.076s] -- Using PYTHON_INCLUDE_DIRS: /usr/include/python3.10
[3.076s] -- Using PYTHON_LIBRARIES: /usr/lib/x86_64-linux-gnu/libpython3.10.so
[3.093s] -- Found PythonExtra: .so  
[3.096s] -- Found Boost: /usr/lib/x86_64-linux-gnu/cmake/Boost-1.74.0/BoostConfig.cmake (found version "1.74.0") found components: filesystem 
[3.218s] -- Found gtest sources under '/opt/ros/humble/src/gtest_vendor': C++ tests using 'Google Test' will be built
[3.357s] -- Added test 'cppcheck' to perform static code analysis on C / C++ code
[3.358s] -- Configured cppcheck include dirs: /ros2_ws/src/moveit_servo_kinova/include
[3.358s] -- Configured cppcheck exclude dirs and/or files: 
[3.362s] -- Added test 'lint_cmake' to check CMake code style
[3.364s] -- Added test 'pep257' to check Python code against some of the docstring style conventions in PEP 257
[3.366s] -- Added test 'xmllint' to check XML markup files
[3.369s] -- Configuring done
[3.480s] -- Generating done
[3.482s] -- Build files have been written to: /ros2_ws/src/moveit_servo_kinova/build/moveit_servo_kinova
[3.493s] Invoked command in '/ros2_ws/src/moveit_servo_kinova/build/moveit_servo_kinova' returned '0': CMAKE_PREFIX_PATH=${CMAKE_PREFIX_PATH}:/ros2_ws/install/moveit_configs_utils:/ros2_ws/install/rqt_joint_trajectory_controller:/ros2_ws/install/rqt_controller_manager:/ros2_ws/install/ros2controlcli:/ros2_ws/install/ros2_controllers_test_nodes:/ros2_ws/install/launch_param_builder:/ros2_ws/install/kinova_project:/opt/ros/humble /usr/bin/cmake /ros2_ws/src/moveit_servo_kinova -DCMAKE_INSTALL_PREFIX=/ros2_ws/src/moveit_servo_kinova/install/moveit_servo_kinova
[3.493s] Invoking command in '/ros2_ws/src/moveit_servo_kinova/build/moveit_servo_kinova': CMAKE_PREFIX_PATH=${CMAKE_PREFIX_PATH}:/ros2_ws/install/moveit_configs_utils:/ros2_ws/install/rqt_joint_trajectory_controller:/ros2_ws/install/rqt_controller_manager:/ros2_ws/install/ros2controlcli:/ros2_ws/install/ros2_controllers_test_nodes:/ros2_ws/install/launch_param_builder:/ros2_ws/install/kinova_project:/opt/ros/humble /usr/bin/cmake --build /ros2_ws/src/moveit_servo_kinova/build/moveit_servo_kinova -- -j16 -l16
[3.568s] [  3%] [32mBuilding CXX object gtest/CMakeFiles/gtest.dir/src/gtest-all.cc.o[0m
[3.570s] [  6%] [32mBuilding CXX object CMakeFiles/fake_command_publisher.dir/test/publish_fake_jog_commands.cpp.o[0m
[3.573s] [  9%] [32mBuilding CXX object CMakeFiles/moveit_servo_lib_parameters.dir/src/parameter_descriptor_builder.cpp.o[0m
[3.580s] [ 15%] [32mBuilding CXX object gtest/CMakeFiles/gtest_main.dir/src/gtest_main.cc.o[0m
[3.580s] [ 15%] [32mBuilding CXX object CMakeFiles/servo_controller_input.dir/src/teleop_demo/joystick_servo_example.cpp.o[0m
[3.582s] [ 18%] [32mBuilding CXX object CMakeFiles/moveit_servo_lib_parameters.dir/src/servo_parameters.cpp.o[0m
[4.216s] [ 21%] [32m[1mLinking CXX static library libgtest_main.a[0m
[4.271s] [ 21%] Built target gtest_main
[7.742s] [ 24%] [32m[1mLinking CXX executable fake_command_publisher[0m
[7.874s] [ 24%] Built target fake_command_publisher
[9.083s] [ 27%] [32m[1mLinking CXX static library libgtest.a[0m
[9.181s] [ 27%] Built target gtest
[10.969s] [ 30%] [32m[1mLinking CXX shared library libmoveit_servo_lib_parameters.so[0m
[11.178s] [ 30%] Built target moveit_servo_lib_parameters
[11.211s] [ 33%] [32mBuilding CXX object CMakeFiles/test_servo_collision.dir/test/test_servo_collision.cpp.o[0m
[11.224s] [ 36%] [32mBuilding CXX object CMakeFiles/moveit_servo_lib.dir/src/servo_calcs.cpp.o[0m
[11.225s] [ 39%] [32mBuilding CXX object CMakeFiles/test_servo_integration.dir/test/test_servo_interface.cpp.o[0m
[11.228s] [ 42%] [32mBuilding CXX object CMakeFiles/moveit_servo_lib.dir/src/enforce_limits.cpp.o[0m
[11.232s] [ 45%] [32mBuilding CXX object CMakeFiles/moveit_servo_lib.dir/src/servo.cpp.o[0m
[11.234s] [ 48%] [32mBuilding CXX object CMakeFiles/moveit_servo_lib.dir/src/utilities.cpp.o[0m
[11.234s] [ 51%] [32mBuilding CXX object CMakeFiles/moveit_servo_lib.dir/src/collision_check.cpp.o[0m
[14.591s] [ 54%] [32m[1mLinking CXX shared library libservo_controller_input.so[0m
[15.067s] [ 54%] Built target servo_controller_input
[36.227s] [ 57%] [32m[1mLinking CXX executable test_servo_collision[0m
[36.597s] [ 57%] Built target test_servo_collision
[40.514s] [ 60%] [32m[1mLinking CXX executable test_servo_integration[0m
[40.868s] [ 60%] Built target test_servo_integration
[49.337s] [ 63%] [32m[1mLinking CXX shared library libmoveit_servo_lib.so[0m
[49.665s] [ 63%] Built target moveit_servo_lib
[49.702s] [ 66%] [32mBuilding CXX object CMakeFiles/pose_tracking.dir/src/pose_tracking.cpp.o[0m
[49.702s] [ 69%] [32mBuilding CXX object CMakeFiles/servo_calcs_unit_tests.dir/test/servo_calcs_unit_tests.cpp.o[0m
[49.705s] [ 72%] [32mBuilding CXX object CMakeFiles/servo_node.dir/src/servo_node.cpp.o[0m
[58.661s] [ 75%] [32m[1mLinking CXX shared library libservo_node.so[0m
[58.931s] [ 75%] Built target servo_node
[58.976s] [ 78%] [32mBuilding CXX object CMakeFiles/servo_node_main.dir/src/servo_node_main.cpp.o[0m
[65.382s] [ 81%] [32m[1mLinking CXX shared library libpose_tracking.so[0m
[65.655s] [ 81%] Built target pose_tracking
[65.695s] [ 84%] [32mBuilding CXX object CMakeFiles/test_servo_pose_tracking.dir/test/pose_tracking_test.cpp.o[0m
[65.698s] [ 87%] [32mBuilding CXX object CMakeFiles/servo_pose_tracking_demo.dir/src/cpp_interface_demo/pose_tracking_demo.cpp.o[0m
[67.456s] [ 90%] [32m[1mLinking CXX executable servo_node_main[0m
[67.790s] [ 90%] Built target servo_node_main
[68.274s] [ 93%] [32m[1mLinking CXX executable servo_calcs_unit_tests[0m
[68.661s] [ 93%] Built target servo_calcs_unit_tests
[79.408s] [ 96%] [32m[1mLinking CXX executable servo_pose_tracking_demo[0m
[79.769s] [ 96%] Built target servo_pose_tracking_demo
[80.782s] [100%] [32m[1mLinking CXX executable test_servo_pose_tracking[0m
[81.118s] [100%] Built target test_servo_pose_tracking
[81.134s] Invoked command in '/ros2_ws/src/moveit_servo_kinova/build/moveit_servo_kinova' returned '0': CMAKE_PREFIX_PATH=${CMAKE_PREFIX_PATH}:/ros2_ws/install/moveit_configs_utils:/ros2_ws/install/rqt_joint_trajectory_controller:/ros2_ws/install/rqt_controller_manager:/ros2_ws/install/ros2controlcli:/ros2_ws/install/ros2_controllers_test_nodes:/ros2_ws/install/launch_param_builder:/ros2_ws/install/kinova_project:/opt/ros/humble /usr/bin/cmake --build /ros2_ws/src/moveit_servo_kinova/build/moveit_servo_kinova -- -j16 -l16
[81.329s] Invoking command in '/ros2_ws/src/moveit_servo_kinova/build/moveit_servo_kinova': CMAKE_PREFIX_PATH=${CMAKE_PREFIX_PATH}:/ros2_ws/install/moveit_configs_utils:/ros2_ws/install/rqt_joint_trajectory_controller:/ros2_ws/install/rqt_controller_manager:/ros2_ws/install/ros2controlcli:/ros2_ws/install/ros2_controllers_test_nodes:/ros2_ws/install/launch_param_builder:/ros2_ws/install/kinova_project:/opt/ros/humble /usr/bin/cmake --install /ros2_ws/src/moveit_servo_kinova/build/moveit_servo_kinova
[81.336s] -- Install configuration: "Release"
[81.337s] -- Installing: /ros2_ws/src/moveit_servo_kinova/install/moveit_servo_kinova/lib/libmoveit_servo_lib.so.2.5.5
[81.340s] -- Set runtime path of "/ros2_ws/src/moveit_servo_kinova/install/moveit_servo_kinova/lib/libmoveit_servo_lib.so.2.5.5" to ""
[81.340s] -- Installing: /ros2_ws/src/moveit_servo_kinova/install/moveit_servo_kinova/lib/libmoveit_servo_lib.so
[81.341s] -- Installing: /ros2_ws/src/moveit_servo_kinova/install/moveit_servo_kinova/lib/libmoveit_servo_lib_parameters.so.2.5.5
[81.341s] -- Set runtime path of "/ros2_ws/src/moveit_servo_kinova/install/moveit_servo_kinova/lib/libmoveit_servo_lib_parameters.so.2.5.5" to ""
[81.341s] -- Installing: /ros2_ws/src/moveit_servo_kinova/install/moveit_servo_kinova/lib/libmoveit_servo_lib_parameters.so
[81.341s] -- Installing: /ros2_ws/src/moveit_servo_kinova/install/moveit_servo_kinova/lib/libpose_tracking.so
[81.342s] -- Set runtime path of "/ros2_ws/src/moveit_servo_kinova/install/moveit_servo_kinova/lib/libpose_tracking.so" to ""
[81.342s] -- Installing: /ros2_ws/src/moveit_servo_kinova/install/moveit_servo_kinova/lib/libservo_node.so
[81.342s] -- Set runtime path of "/ros2_ws/src/moveit_servo_kinova/install/moveit_servo_kinova/lib/libservo_node.so" to ""
[81.342s] -- Installing: /ros2_ws/src/moveit_servo_kinova/install/moveit_servo_kinova/lib/libservo_controller_input.so
[81.343s] -- Set runtime path of "/ros2_ws/src/moveit_servo_kinova/install/moveit_servo_kinova/lib/libservo_controller_input.so" to ""
[81.343s] -- Installing: /ros2_ws/src/moveit_servo_kinova/install/moveit_servo_kinova/lib/moveit_servo_kinova/servo_node_main
[81.343s] -- Set runtime path of "/ros2_ws/src/moveit_servo_kinova/install/moveit_servo_kinova/lib/moveit_servo_kinova/servo_node_main" to ""
[81.343s] -- Installing: /ros2_ws/src/moveit_servo_kinova/install/moveit_servo_kinova/lib/moveit_servo_kinova/servo_pose_tracking_demo
[81.344s] -- Set runtime path of "/ros2_ws/src/moveit_servo_kinova/install/moveit_servo_kinova/lib/moveit_servo_kinova/servo_pose_tracking_demo" to ""
[81.344s] -- Installing: /ros2_ws/src/moveit_servo_kinova/install/moveit_servo_kinova/lib/moveit_servo_kinova/fake_command_publisher
[81.344s] -- Set runtime path of "/ros2_ws/src/moveit_servo_kinova/install/moveit_servo_kinova/lib/moveit_servo_kinova/fake_command_publisher" to ""
[81.344s] -- Installing: /ros2_ws/src/moveit_servo_kinova/install/moveit_servo_kinova/include
[81.345s] -- Installing: /ros2_ws/src/moveit_servo_kinova/install/moveit_servo_kinova/include/moveit_servo
[81.345s] -- Installing: /ros2_ws/src/moveit_servo_kinova/install/moveit_servo_kinova/include/moveit_servo/status_codes.h
[81.345s] -- Installing: /ros2_ws/src/moveit_servo_kinova/install/moveit_servo_kinova/include/moveit_servo/enforce_limits.hpp
[81.345s] -- Installing: /ros2_ws/src/moveit_servo_kinova/install/moveit_servo_kinova/include/moveit_servo/servo_server.h
[81.345s] -- Installing: /ros2_ws/src/moveit_servo_kinova/install/moveit_servo_kinova/include/moveit_servo/pose_tracking.h
[81.345s] -- Installing: /ros2_ws/src/moveit_servo_kinova/install/moveit_servo_kinova/include/moveit_servo/servo.h
[81.345s] -- Installing: /ros2_ws/src/moveit_servo_kinova/install/moveit_servo_kinova/include/moveit_servo/collision_check.h
[81.345s] -- Installing: /ros2_ws/src/moveit_servo_kinova/install/moveit_servo_kinova/include/moveit_servo/parameter_descriptor_builder.hpp
[81.345s] -- Installing: /ros2_ws/src/moveit_servo_kinova/install/moveit_servo_kinova/include/moveit_servo/servo_node.h
[81.345s] -- Installing: /ros2_ws/src/moveit_servo_kinova/install/moveit_servo_kinova/include/moveit_servo/servo_calcs.h
[81.345s] -- Installing: /ros2_ws/src/moveit_servo_kinova/install/moveit_servo_kinova/include/moveit_servo/servo_parameters.h
[81.345s] -- Installing: /ros2_ws/src/moveit_servo_kinova/install/moveit_servo_kinova/include/moveit_servo/utilities.h
[81.345s] -- Installing: /ros2_ws/src/moveit_servo_kinova/install/moveit_servo_kinova/include/moveit_servo/make_shared_from_pool.h
[81.345s] -- Installing: /ros2_ws/src/moveit_servo_kinova/install/moveit_servo_kinova/share/moveit_servo_kinova/launch
[81.345s] -- Installing: /ros2_ws/src/moveit_servo_kinova/install/moveit_servo_kinova/share/moveit_servo_kinova/launch/pose_tracking_example.launch.py
[81.345s] -- Installing: /ros2_ws/src/moveit_servo_kinova/install/moveit_servo_kinova/share/moveit_servo_kinova/launch/servo_example.launch.py
[81.345s] -- Installing: /ros2_ws/src/moveit_servo_kinova/install/moveit_servo_kinova/share/moveit_servo_kinova/launch/kinova_launch.launch.py
[81.345s] -- Installing: /ros2_ws/src/moveit_servo_kinova/install/moveit_servo_kinova/share/moveit_servo_kinova/config
[81.345s] -- Installing: /ros2_ws/src/moveit_servo_kinova/install/moveit_servo_kinova/share/moveit_servo_kinova/config/pose_tracking_settings.yaml
[81.345s] -- Installing: /ros2_ws/src/moveit_servo_kinova/install/moveit_servo_kinova/share/moveit_servo_kinova/config/demo_rviz_config.rviz
[81.345s] -- Installing: /ros2_ws/src/moveit_servo_kinova/install/moveit_servo_kinova/share/moveit_servo_kinova/config/demo_rviz_pose_tracking.rviz
[81.346s] -- Installing: /ros2_ws/src/moveit_servo_kinova/install/moveit_servo_kinova/share/moveit_servo_kinova/config/panda_simulated_config_pose_tracking.yaml
[81.346s] -- Installing: /ros2_ws/src/moveit_servo_kinova/install/moveit_servo_kinova/share/moveit_servo_kinova/config/gen3_simulated_config.yaml
[81.346s] -- Installing: /ros2_ws/src/moveit_servo_kinova/install/moveit_servo_kinova/share/moveit_servo_kinova/environment/library_path.sh
[81.346s] -- Installing: /ros2_ws/src/moveit_servo_kinova/install/moveit_servo_kinova/share/moveit_servo_kinova/environment/library_path.dsv
[81.346s] -- Installing: /ros2_ws/src/moveit_servo_kinova/install/moveit_servo_kinova/share/ament_index/resource_index/package_run_dependencies/moveit_servo_kinova
[81.346s] -- Installing: /ros2_ws/src/moveit_servo_kinova/install/moveit_servo_kinova/share/ament_index/resource_index/parent_prefix_path/moveit_servo_kinova
[81.346s] -- Installing: /ros2_ws/src/moveit_servo_kinova/install/moveit_servo_kinova/share/moveit_servo_kinova/environment/ament_prefix_path.sh
[81.346s] -- Installing: /ros2_ws/src/moveit_servo_kinova/install/moveit_servo_kinova/share/moveit_servo_kinova/environment/ament_prefix_path.dsv
[81.346s] -- Installing: /ros2_ws/src/moveit_servo_kinova/install/moveit_servo_kinova/share/moveit_servo_kinova/environment/path.sh
[81.346s] -- Installing: /ros2_ws/src/moveit_servo_kinova/install/moveit_servo_kinova/share/moveit_servo_kinova/environment/path.dsv
[81.347s] -- Installing: /ros2_ws/src/moveit_servo_kinova/install/moveit_servo_kinova/share/moveit_servo_kinova/local_setup.bash
[81.347s] -- Installing: /ros2_ws/src/moveit_servo_kinova/install/moveit_servo_kinova/share/moveit_servo_kinova/local_setup.sh
[81.347s] -- Installing: /ros2_ws/src/moveit_servo_kinova/install/moveit_servo_kinova/share/moveit_servo_kinova/local_setup.zsh
[81.347s] -- Installing: /ros2_ws/src/moveit_servo_kinova/install/moveit_servo_kinova/share/moveit_servo_kinova/local_setup.dsv
[81.347s] -- Installing: /ros2_ws/src/moveit_servo_kinova/install/moveit_servo_kinova/share/moveit_servo_kinova/package.dsv
[81.347s] -- Installing: /ros2_ws/src/moveit_servo_kinova/install/moveit_servo_kinova/share/ament_index/resource_index/packages/moveit_servo_kinova
[81.347s] -- Installing: /ros2_ws/src/moveit_servo_kinova/install/moveit_servo_kinova/share/ament_index/resource_index/rclcpp_components/moveit_servo_kinova
[81.347s] -- Installing: /ros2_ws/src/moveit_servo_kinova/install/moveit_servo_kinova/share/moveit_servo_kinova/cmake/export_moveit_servo_kinovaExport.cmake
[81.347s] -- Installing: /ros2_ws/src/moveit_servo_kinova/install/moveit_servo_kinova/share/moveit_servo_kinova/cmake/export_moveit_servo_kinovaExport-release.cmake
[81.347s] -- Installing: /ros2_ws/src/moveit_servo_kinova/install/moveit_servo_kinova/share/moveit_servo_kinova/cmake/ament_cmake_export_targets-extras.cmake
[81.347s] -- Installing: /ros2_ws/src/moveit_servo_kinova/install/moveit_servo_kinova/share/moveit_servo_kinova/cmake/ament_cmake_export_dependencies-extras.cmake
[81.347s] -- Installing: /ros2_ws/src/moveit_servo_kinova/install/moveit_servo_kinova/share/moveit_servo_kinova/cmake/moveit_servo_kinovaConfig.cmake
[81.347s] -- Installing: /ros2_ws/src/moveit_servo_kinova/install/moveit_servo_kinova/share/moveit_servo_kinova/cmake/moveit_servo_kinovaConfig-version.cmake
[81.347s] -- Installing: /ros2_ws/src/moveit_servo_kinova/install/moveit_servo_kinova/share/moveit_servo_kinova/package.xml
[81.349s] Invoked command in '/ros2_ws/src/moveit_servo_kinova/build/moveit_servo_kinova' returned '0': CMAKE_PREFIX_PATH=${CMAKE_PREFIX_PATH}:/ros2_ws/install/moveit_configs_utils:/ros2_ws/install/rqt_joint_trajectory_controller:/ros2_ws/install/rqt_controller_manager:/ros2_ws/install/ros2controlcli:/ros2_ws/install/ros2_controllers_test_nodes:/ros2_ws/install/launch_param_builder:/ros2_ws/install/kinova_project:/opt/ros/humble /usr/bin/cmake --install /ros2_ws/src/moveit_servo_kinova/build/moveit_servo_kinova
